<?xml version="1.0" encoding="UTF-8" ?>
<testsuite errors="0" failures="0" hostname="cesar-Inspiron-3443" name="domain.TestaGenerateListOfTiles" skipped="0" tests="3" time="0.114" timestamp="2017-09-21T16:25:57">
  <properties>
[...]
</properties>
  <testcase classname="domain.TestaGenerateListOfTiles" name="generateListOfTiles_1tiles" time="0.02" />
  <testcase classname="domain.TestaGenerateListOfTiles" name="generateListOfTiles_2tiles" time="0.004" />
  <testcase classname="domain.TestaGenerateListOfTiles" name="generateListOfTiles_0tiles" time="0.002" />
  <system-out><![CDATA[--------------------------------------
Begin test capture for : domain/TestaGenerateListOfTiles.generateListOfTiles_1tiles()V
State Coverage Report for domain/TestaGenerateListOfTiles.generateListOfTiles_1tiles()V
Modified states: 2 [ "domain/Tile.hash", "domain/Tile.number" ]
Covered states: 2 [ "domain/Tile.number", "domain/TestaGenerateListOfTiles.game" ]
State Coverage: 0.5
End test capture for : domain/TestaGenerateListOfTiles.generateListOfTiles_1tiles()V
--------------------------------------
--------------------------------------
Begin test capture for : domain/TestaGenerateListOfTiles.generateListOfTiles_2tiles()V
State Coverage Report for domain/TestaGenerateListOfTiles.generateListOfTiles_2tiles()V
Modified states: 2 [ "domain/Tile.hash", "domain/Tile.number" ]
Covered states: 2 [ "domain/Tile.number", "domain/TestaGenerateListOfTiles.game" ]
State Coverage: 0.5
End test capture for : domain/TestaGenerateListOfTiles.generateListOfTiles_2tiles()V
--------------------------------------
--------------------------------------
Begin test capture for : domain/TestaGenerateListOfTiles.generateListOfTiles_0tiles()V
State Coverage Report for domain/TestaGenerateListOfTiles.generateListOfTiles_0tiles()V
Modified states: 0 [  ]
Covered states: 1 [ "domain/TestaGenerateListOfTiles.game" ]
State Coverage: 0.0
End test capture for : domain/TestaGenerateListOfTiles.generateListOfTiles_0tiles()V
--------------------------------------
]]></system-out>
  <system-err><![CDATA[]]></system-err>
</testsuite>
